Build started 20/3/2024 9:36:28 AM.
     1>Project "D:\GAME\GameSdl\GameSdl\GameSdl.vcxproj" on node 2 (Build target(s)).
     1>ClCompile:
         C:\Program Files (x86)\Microsoft Visual Studio 11.0\VC\bin\CL.exe /c /ID:\GAME\GameSdl\sdl_lib\SDL2_ttf_2_0_11\include /ID:\GAME\GameSdl\sdl_lib\SDL_mixer_1_2_12\include /ID:\GAME\GameSdl\sdl_lib\SDL_image_1_2_4\include /ID:\GAME\GameSdl\sdl_lib\SDL_1_2_15\include /ZI /nologo /W3 /WX- /sdl /Od /Oy- /D WIN32 /D _DEBUG /D _CONSOLE /D _UNICODE /D UNICODE /Gm /EHsc /RTC1 /MDd /GS /fp:precise /Zc:wchar_t /Zc:forScope /Yc"stdafx.h" /Fp"Debug\AIR BATTLE.pch" /Fo"Debug\\" /Fd"Debug\vc110.pdb" /Gd /TP /analyze- /errorReport:prompt stdafx.cpp
         stdafx.cpp
         C:\Program Files (x86)\Microsoft Visual Studio 11.0\VC\bin\CL.exe /c /ID:\GAME\GameSdl\sdl_lib\SDL2_ttf_2_0_11\include /ID:\GAME\GameSdl\sdl_lib\SDL_mixer_1_2_12\include /ID:\GAME\GameSdl\sdl_lib\SDL_image_1_2_4\include /ID:\GAME\GameSdl\sdl_lib\SDL_1_2_15\include /ZI /nologo /W3 /WX- /sdl /Od /Oy- /D WIN32 /D _DEBUG /D _CONSOLE /D _UNICODE /D UNICODE /Gm /EHsc /RTC1 /MDd /GS /fp:precise /Zc:wchar_t /Zc:forScope /Yu"stdafx.h" /Fp"Debug\AIR BATTLE.pch" /Fo"Debug\\" /Fd"Debug\vc110.pdb" /Gd /TP /analyze- /errorReport:prompt BaseObject.cpp BulletObject.cpp Common_Function.cpp MainObject.cpp ThreatObject.cpp main.cpp
         ThreatObject.cpp
     1>d:\game\gamesdl\gamesdl\threatobject.cpp(7): warning C4244: '=' : conversion from 'double' to 'Sint16', possible loss of data
     1>d:\game\gamesdl\gamesdl\threatobject.cpp(38): error C2601: 'ThreatObject::HandleMove' : local function definitions are illegal
                 d:\game\gamesdl\gamesdl\threatobject.cpp(35): this line contains a '{' which has not yet been matched
     1>d:\game\gamesdl\gamesdl\threatobject.cpp(52): error C2601: 'ThreatObject::HandleInputAction' : local function definitions are illegal
                 d:\game\gamesdl\gamesdl\threatobject.cpp(35): this line contains a '{' which has not yet been matched
     1>d:\game\gamesdl\gamesdl\threatobject.cpp(56): fatal error C1075: end of file found before the left brace '{' at 'd:\game\gamesdl\gamesdl\threatobject.cpp(35)' was matched
         Generating Code...
         Skipping... (no relevant changes detected)
         main.cpp
         MainObject.cpp
         Common_Function.cpp
         BulletObject.cpp
         BaseObject.cpp
     1>Done Building Project "D:\GAME\GameSdl\GameSdl\GameSdl.vcxproj" (Build target(s)) -- FAILED.

Build FAILED.

Time Elapsed 00:00:01.86
